<?xml version="1.0" encoding="UTF-8"?>
<testng-results skipped="0" failed="0" ignored="0" total="1" passed="1">
  <reporter-output>
  </reporter-output>
  <suite name="Suite" duration-ms="10589" started-at="2020-11-26T05:20:00Z" finished-at="2020-11-26T05:20:11Z">
    <groups>
      <group name="cucumber">
        <method signature="AbstractTestNGCucumberTests.feature(cucumber.api.testng.CucumberFeatureWrapper)[pri:0, instance:testRunner.TMEAPITestRunner@64bfbc86]" name="feature" class="cucumber.api.testng.AbstractTestNGCucumberTests"/>
      </group> <!-- cucumber -->
    </groups>
    <test name="TMEUsedMotorsSearchTests" duration-ms="10589" started-at="2020-11-26T05:20:00Z" finished-at="2020-11-26T05:20:11Z">
      <class name="testRunner.TMEAPITestRunner">
        <test-method status="PASS" signature="setUpClass()[pri:0, instance:testRunner.TMEAPITestRunner@64bfbc86]" name="setUpClass" is-config="true" duration-ms="391" started-at="2020-11-26T05:20:00Z" finished-at="2020-11-26T05:20:01Z">
          <reporter-output>
          </reporter-output>
        </test-method> <!-- setUpClass -->
        <test-method status="PASS" signature="feature(cucumber.api.testng.CucumberFeatureWrapper)[pri:0, instance:testRunner.TMEAPITestRunner@64bfbc86]" name="feature" duration-ms="10018" started-at="2020-11-26T05:20:01Z" description="Runs Cucumber Feature" data-provider="features" finished-at="2020-11-26T05:20:11Z">
          <params>
            <param index="0">
              <value>
                <![CDATA[Validate the UsedCars feature through Trademe API]]>
              </value>
            </param>
          </params>
          <reporter-output>
          </reporter-output>
        </test-method> <!-- feature -->
        <test-method status="PASS" signature="tearDownClass()[pri:0, instance:testRunner.TMEAPITestRunner@64bfbc86]" name="tearDownClass" is-config="true" duration-ms="15" started-at="2020-11-26T05:20:11Z" finished-at="2020-11-26T05:20:11Z">
          <reporter-output>
          </reporter-output>
        </test-method> <!-- tearDownClass -->
      </class> <!-- testRunner.TMEAPITestRunner -->
    </test> <!-- TMEUsedMotorsSearchTests -->
  </suite> <!-- Suite -->
</testng-results>
